<?xml version="1.0" encoding="UTF-8"?>
<!-- Generated by org.testng.reporters.JUnitReportReporter -->
<testsuite hostname="LAPTOP-NPAGS1O1" failures="0" tests="2" name="day47POMpattern.LoginPage1" time="11.357" errors="0" timestamp="2024-10-26T18:32:10 EDT" skipped="0">
  <testcase classname="day47POMpattern.LoginPage1" name="testlogin1" time="6.740"/>
  <system-out/>
  <testcase classname="day47POMpattern.LoginPage1" name="testlogin" time="4.617"/>
  <system-out/>
</testsuite> <!-- day47POMpattern.LoginPage1 -->
