<?xml version="1.0" encoding="UTF-8"?>
<!-- Generated by org.testng.reporters.JUnitReportReporter -->
<testsuite hostname="LAPTOP-NPAGS1O1" failures="0" tests="4" name="day43TestNGannotations.AnnotationsBeforeAfterMethod" time="0.019" errors="0" timestamp="2024-10-22T15:19:51 EDT" skipped="0">
  <testcase classname="day43TestNGannotations.AnnotationsBeforeAfterMethod" name="search" time="0.002"/>
  <system-out/>
  <testcase classname="day43TestNGannotations.AnnotationsBeforeAfterMethod" name="search" time="0.005"/>
  <system-out/>
  <testcase classname="day43TestNGannotations.AnnotationsBeforeAfterMethod" name="advancesearch" time="0.008"/>
  <system-out/>
  <testcase classname="day43TestNGannotations.AnnotationsBeforeAfterMethod" name="advancesearch" time="0.004"/>
  <system-out/>
</testsuite> <!-- day43TestNGannotations.AnnotationsBeforeAfterMethod -->
