<?xml version="1.0" encoding="UTF-8"?>
<!-- Generated by org.testng.reporters.JUnitReportReporter -->
<testsuite hostname="LAPTOP-NPAGS1O1" failures="0" tests="3" name="day42Testng.TestngClassTest" time="3.867" errors="0" timestamp="2024-10-22T14:29:14 EDT" skipped="0">
  <testcase classname="day42Testng.TestngClassTest" name="login" time="3.060"/>
  <system-out/>
  <testcase classname="day42Testng.TestngClassTest" name="action" time="0.785"/>
  <system-out/>
  <testcase classname="day42Testng.TestngClassTest" name="logout" time="0.022"/>
  <system-out/>
</testsuite> <!-- day42Testng.TestngClassTest -->
