<?xml version="1.0" encoding="UTF-8"?>
<!-- Generated by org.testng.reporters.JUnitReportReporter -->
<testsuite hostname="LAPTOP-NPAGS1O1" failures="0" tests="1" name="day45ParametariztionDataprovider.DataProviderDemo" time="0.000" errors="0" timestamp="2024-10-27T13:04:10 EDT" skipped="1">
  <testcase classname="day45ParametariztionDataprovider.DataProviderDemo" name="testlogin" time="0.000">
    <skipped/>
  </testcase> <!-- testlogin -->
  <system-out/>
</testsuite> <!-- day45ParametariztionDataprovider.DataProviderDemo -->
