<?xml version="1.0" encoding="UTF-8"?>
<!-- Generated by org.testng.reporters.JUnitReportReporter -->
<testsuite hostname="LAPTOP-NPAGS1O1" failures="0" tests="4" name="day43TestNGannotations.AnnotationsBeforeAfterclass" time="0.013" errors="0" timestamp="2024-10-22T15:19:51 EDT" skipped="0">
  <testcase classname="day43TestNGannotations.AnnotationsBeforeAfterclass" name="search" time="0.001"/>
  <system-out/>
  <testcase classname="day43TestNGannotations.AnnotationsBeforeAfterclass" name="search" time="0.006"/>
  <system-out/>
  <testcase classname="day43TestNGannotations.AnnotationsBeforeAfterclass" name="advancesearch" time="0.003"/>
  <system-out/>
  <testcase classname="day43TestNGannotations.AnnotationsBeforeAfterclass" name="advancesearch" time="0.003"/>
  <system-out/>
</testsuite> <!-- day43TestNGannotations.AnnotationsBeforeAfterclass -->
