<?xml version="1.0" encoding="UTF-8"?>
<!-- Generated by org.testng.reporters.JUnitReportReporter -->
<testsuite hostname="LAPTOP-NPAGS1O1" failures="0" tests="3" name="day44DependencyGroupingtestng.Group2" time="0.021" errors="0" timestamp="2024-10-23T19:57:51 EDT" skipped="0">
  <testcase classname="day44DependencyGroupingtestng.Group2" name="hello" time="0.002"/>
  <system-out/>
  <testcase classname="day44DependencyGroupingtestng.Group2" name="bollo" time="0.001"/>
  <system-out/>
  <testcase classname="day44DependencyGroupingtestng.Group2" name="solo" time="0.018"/>
  <system-out/>
</testsuite> <!-- day44DependencyGroupingtestng.Group2 -->
