<?xml version="1.0" encoding="UTF-8"?>
<!-- Generated by org.testng.reporters.JUnitReportReporter -->
<testsuite hostname="LAPTOP-NPAGS1O1" failures="0" tests="5" name="day44DependencyGroupingtestng.DependencyMethods" time="0.030" errors="0" timestamp="2024-10-23T19:55:54 EDT" skipped="0">
  <testcase classname="day44DependencyGroupingtestng.DependencyMethods" name="openapp" time="0.023"/>
  <system-out/>
  <testcase classname="day44DependencyGroupingtestng.DependencyMethods" name="login" time="0.002"/>
  <system-out/>
  <testcase classname="day44DependencyGroupingtestng.DependencyMethods" name="search" time="0.001"/>
  <system-out/>
  <testcase classname="day44DependencyGroupingtestng.DependencyMethods" name="advsearch" time="0.002"/>
  <system-out/>
  <testcase classname="day44DependencyGroupingtestng.DependencyMethods" name="logout" time="0.002"/>
  <system-out/>
</testsuite> <!-- day44DependencyGroupingtestng.DependencyMethods -->
