<?xml version="1.0" encoding="UTF-8"?>
<!-- Generated by org.testng.reporters.JUnitReportReporter -->
<testsuite hostname="LAPTOP-NPAGS1O1" failures="0" tests="3" name="day45ParametariztionDataprovider.ParellelTestingDemo" time="2.825" errors="0" timestamp="2024-10-23T17:01:08 EDT" skipped="0">
  <testcase classname="day45ParametariztionDataprovider.ParellelTestingDemo" name="a" time="1.259"/>
  <system-out/>
  <testcase classname="day45ParametariztionDataprovider.ParellelTestingDemo" name="a" time="0.689"/>
  <system-out/>
  <testcase classname="day45ParametariztionDataprovider.ParellelTestingDemo" name="a" time="0.877"/>
  <system-out/>
</testsuite> <!-- day45ParametariztionDataprovider.ParellelTestingDemo -->
