<?xml version="1.0" encoding="UTF-8"?>
<!-- Generated by org.testng.reporters.JUnitReportReporter -->
<testsuite hostname="LAPTOP-NPAGS1O1" failures="0" tests="2" name="day43TestNGannotations.C1" time="0.005" errors="0" timestamp="2024-10-22T15:19:51 EDT" skipped="0">
  <testcase classname="day43TestNGannotations.C1" name="f" time="0.003"/>
  <system-out/>
  <testcase classname="day43TestNGannotations.C1" name="f" time="0.002"/>
  <system-out/>
</testsuite> <!-- day43TestNGannotations.C1 -->
