<?xml version="1.0" encoding="UTF-8"?>
<!-- Generated by org.testng.reporters.JUnitReportReporter -->
<testsuite hostname="LAPTOP-NPAGS1O1" failures="0" tests="3" name="day44DependencyGroupingtestng.Group3" time="0.024" errors="0" timestamp="2024-10-23T19:59:41 EDT" skipped="0">
  <testcase classname="day44DependencyGroupingtestng.Group3" name="hello1" time="0.001"/>
  <system-out/>
  <testcase classname="day44DependencyGroupingtestng.Group3" name="bollo2" time="0.002"/>
  <system-out/>
  <testcase classname="day44DependencyGroupingtestng.Group3" name="solo3" time="0.021"/>
  <system-out/>
</testsuite> <!-- day44DependencyGroupingtestng.Group3 -->
